Arguments: 
  /usr/local/bin/node /usr/local/bin/yarn install

PATH: 
  /Users/brunoprela/Downloads/google-cloud-sdk/bin:/Developer/NVIDIA/CUDA-9.1/bin:/Users/brunoprela/anaconda3/bin:/opt/apache-maven-3.5.2/bin:/usr/local/opt/imagemagick@6/bin:/usr/local/opt/imagemagick@6/bin:/usr/local/bin:/Library/Frameworks/Python.framework/Versions/3.6/bin:/Library/Frameworks/Python.framework/Versions/2.7/bin:/usr/local/bin:/usr/bin:/bin:/usr/sbin:/sbin:/Applications/VMware Fusion.app/Contents/Public:/Library/TeX/texbin:/opt/X11/bin:/Library/Frameworks/Mono.framework/Versions/Current/Commands

Yarn version: 
  1.2.1

Node version: 
  8.9.4

Platform: 
  darwin x64

npm manifest: 
  {
    "name": "MultipleBlockchainSwarmRobotics",
    "version": "1.0.0",
    "repository": "git@github.com:brunoprela/multiple_blockchain_swarm_robotics.git",
    "author": "Agnes Cameron, Mark Payne, Bruno Prela",
    "license": "MIT",
    "engines": {
      "node": ">=6.5",
      "npm": ">=3.10"
    },
    "scripts": {
      "start": "node -r babel-register server/server.js"
    },
    "dependencies": {
      "apollo-server-express": "^1.3.2",
      "apollo-server-koa": "^1.3.2",
      "babel-cli": "^6.26.0",
      "babel-core": "^6.26.0",
      "babel-literal-to-ast": "^1.0.0",
      "babel-loader": "^7.1.2",
      "babel-macros": "^1.2.0",
      "babel-plugin-emotion": "^8.0.12",
      "babel-plugin-macros": "^2.0.0",
      "babel-plugin-syntax-dynamic-import": "^6.18.0",
      "babel-plugin-transform-class-properties": "^6.24.1",
      "babel-plugin-transform-decorators-legacy": "^1.3.4",
      "babel-plugin-transform-es2015-destructuring": "^6.23.0",
      "babel-plugin-transform-object-rest-spread": "^6.26.0",
      "babel-plugin-transform-regenerator": "^6.26.0",
      "babel-plugin-transform-runtime": "^6.23.0",
      "babel-preset-env": "^1.6.1",
      "babel-preset-react": "^6.24.1",
      "babel-preset-stage-0": "^6.24.1",
      "body-parser": "^1.18.2",
      "chalk": "^2.3.0",
      "cors": "^2.8.4",
      "css-loader": "^0.28.9",
      "cssnano": "^3.10.0",
      "dotenv": "^4.0.0",
      "emotion": "^8.0.12",
      "emotion-theming": "^8.0.12",
      "express": "^4.16.2",
      "extract-hoc": "^0.0.4",
      "favicons-webpack-plugin": "^0.0.7",
      "file-loader": "^1.1.6",
      "font-awesome": "^4.7.0",
      "geth": "^0.4.0",
      "graphql": "^0.13.2",
      "graphql-tag": "^2.6.1",
      "graphql-tag.macro": "^1.0.1",
      "graphql-tools": "^2.18.0",
      "grid-emotion": "^2.1.0",
      "immutable": "^3.8.2",
      "imports-loader": "^0.7.1",
      "inline-manifest-webpack-plugin": "^3.0.1",
      "invariant": "^2.2.2",
      "isomorphic-fetch": "^2.2.1",
      "lodash": "^4.17.4",
      "pg": "^7.4.1",
      "prop-types": "^15.6.0",
      "qs": "^6.5.1",
      "query-string": "^5.0.1",
      "reactstrap": "^5.0.0-alpha.4",
      "recompose": "^0.26.0",
      "reselect": "^3.0.1",
      "resolve-url-loader": "^2.2.1",
      "sequelize": "^4.32.1",
      "sequelize-embed": "^2.0.0",
      "solc": "^0.4.23",
      "style-loader": "^0.19.1",
      "styled-system": "^1.1.1",
      "sweetalert-react": "^0.4.11",
      "tag-hoc": "^1.0.0",
      "url": "^0.11.0",
      "warning": "^3.0.0",
      "webpack": "^3.10.0",
      "webpack-bundle-analyzer": "^2.9.2",
      "webpack-chunk-hash": "^0.5.0",
      "webpack-config": "^7.5.0",
      "webpack-dev-server": "^2.11.1",
      "yarn": "^1.6.0"
    },
    "devDependencies": {
      "enzyme": "^3.3.0",
      "enzyme-adapter-react-16": "^1.1.1",
      "enzyme-to-json": "^3.3.0",
    }
  }

yarn manifest: 
  No manifest

Lockfile: 
  No lockfile

Trace: 
  SyntaxError: /Users/brunoprela/Documents/Projects/MultipleBlockchainSwarmRobotics/package.json: Unexpected token } in JSON at position 2725
      at JSON.parse (<anonymous>)
      at /usr/local/lib/node_modules/yarn/lib/cli.js:770:59
      at Generator.next (<anonymous>)
      at step (/usr/local/lib/node_modules/yarn/lib/cli.js:92:30)
      at /usr/local/lib/node_modules/yarn/lib/cli.js:103:13
      at <anonymous>
