INFO [05-10|12:37:07] Maximum peer count                       ETH=25 LES=0 total=25
INFO [05-10|12:37:07] Starting peer-to-peer node               instance=Geth/v1.8.7-stable/darwin-amd64/go1.10.2
INFO [05-10|12:37:07] Allocated cache and file handles         database=/Users/agnes/Documents/MIT/security/6.857/multiple_blockchain_swarm_robotics/harvestChain/peer1DataDir/peer1DataDir/geth/chaindata cache=768 handles=128
INFO [05-10|12:37:07] Writing default main-net genesis block 
INFO [05-10|12:37:07] Persisted trie from memory database      nodes=12356 size=2.34mB time=39.426674ms gcnodes=0 gcsize=0.00B gctime=0s livenodes=1 livesize=0.00B
INFO [05-10|12:37:07] Initialised chain configuration          config="{ChainID: 1 Homestead: 1150000 DAO: 1920000 DAOSupport: true EIP150: 2463000 EIP155: 2675000 EIP158: 2675000 Byzantium: 4370000 Constantinople: <nil> Engine: ethash}"
INFO [05-10|12:37:07] Disk storage enabled for ethash caches   dir=/Users/agnes/Documents/MIT/security/6.857/multiple_blockchain_swarm_robotics/harvestChain/peer1DataDir/peer1DataDir/geth/ethash count=3
INFO [05-10|12:37:07] Disk storage enabled for ethash DAGs     dir=/Users/agnes/.ethash                                                                                                            count=2
INFO [05-10|12:37:07] Initialising Ethereum protocol           versions="[63 62]" network=1244
INFO [05-10|12:37:07] Loaded most recent local header          number=0 hash=d4e567…cb8fa3 td=17179869184
INFO [05-10|12:37:07] Loaded most recent local full block      number=0 hash=d4e567…cb8fa3 td=17179869184
INFO [05-10|12:37:07] Loaded most recent local fast block      number=0 hash=d4e567…cb8fa3 td=17179869184
INFO [05-10|12:37:07] Regenerated local transaction journal    transactions=0 accounts=0
INFO [05-10|12:37:07] Starting P2P networking 
INFO [05-10|12:37:09] UDP listener up                          self=enode://2441b32010b5b584e5e779dc796d522218a85c71876d92359b47dea3d340a16989d1f85b4fbe2d5bfc7fc06bd181cadcf75a3177a64c82a75da64025856d12a1@[::]:30304
INFO [05-10|12:37:09] RLPx listener up                         self=enode://2441b32010b5b584e5e779dc796d522218a85c71876d92359b47dea3d340a16989d1f85b4fbe2d5bfc7fc06bd181cadcf75a3177a64c82a75da64025856d12a1@[::]:30304
INFO [05-10|12:37:09] IPC endpoint opened                      url=/Users/agnes/Library/Ethereum/geth.ipc
INFO [05-10|13:37:07] Regenerated local transaction journal    transactions=0 accounts=0
INFO [05-10|15:32:48] Regenerated local transaction journal    transactions=0 accounts=0
INFO [05-10|16:39:32] Regenerated local transaction journal    transactions=0 accounts=0
